0 info it worked if it ends with ok
1 verbose cli [ 'node',
1 verbose cli   '/usr/local/bin/npm',
1 verbose cli   'install',
1 verbose cli   'https://github.com/fnakstad/angular-client-side-auth' ]
2 info using npm@2.0.0-alpha-5
3 info using node@v0.10.29
4 verbose node symlink /usr/local/bin/node
5 warn package.json ionic-project@1.0.0 No repository field.
6 verbose readDependencies using package.json deps
7 verbose cache add [ 'https://github.com/fnakstad/angular-client-side-auth', null ]
8 verbose cache add spec="https://github.com/fnakstad/angular-client-side-auth" args=["https://github.com/fnakstad/angular-client-side-auth",null]
9 verbose parsed spec { raw: 'https://github.com/fnakstad/angular-client-side-auth',
9 verbose parsed spec   scope: null,
9 verbose parsed spec   name: null,
9 verbose parsed spec   rawSpec: 'https://github.com/fnakstad/angular-client-side-auth',
9 verbose parsed spec   spec: 'https://github.com/fnakstad/angular-client-side-auth',
9 verbose parsed spec   type: 'remote' }
10 silly lockFile 42d3a40e-nakstad-angular-client-side-auth https://github.com/fnakstad/angular-client-side-auth
11 verbose lock https://github.com/fnakstad/angular-client-side-auth /Users/jack/.npm/42d3a40e-nakstad-angular-client-side-auth.lock
12 verbose addRemoteTarball [ 'https://github.com/fnakstad/angular-client-side-auth', null ]
13 info retry fetch attempt 1 at 21:46:40
14 verbose fetch to= /var/folders/b8/f06dzs8x7lx0jw_wplps5f6h0000gn/T/npm-6387-GUuSev3r/github.com/fnakstad/angular-client-side-auth
15 http GET https://github.com/fnakstad/angular-client-side-auth
16 http 200 https://github.com/fnakstad/angular-client-side-auth
17 verbose tar unpack /var/folders/b8/f06dzs8x7lx0jw_wplps5f6h0000gn/T/npm-6387-GUuSev3r/github.com/fnakstad/angular-client-side-auth
18 silly lockFile 862e0c25--angular-client-side-auth-unpack tar:///var/folders/b8/f06dzs8x7lx0jw_wplps5f6h0000gn/T/npm-6387-GUuSev3r/github.com/fnakstad/angular-client-side-auth-unpack
19 verbose lock tar:///var/folders/b8/f06dzs8x7lx0jw_wplps5f6h0000gn/T/npm-6387-GUuSev3r/github.com/fnakstad/angular-client-side-auth-unpack /Users/jack/.npm/862e0c25--angular-client-side-auth-unpack.lock
20 silly lockFile 6607f657-nakstad-angular-client-side-auth tar:///var/folders/b8/f06dzs8x7lx0jw_wplps5f6h0000gn/T/npm-6387-GUuSev3r/github.com/fnakstad/angular-client-side-auth
21 verbose lock tar:///var/folders/b8/f06dzs8x7lx0jw_wplps5f6h0000gn/T/npm-6387-GUuSev3r/github.com/fnakstad/angular-client-side-auth /Users/jack/.npm/6607f657-nakstad-angular-client-side-auth.lock
22 verbose gentlyRm vacuuming /var/folders/b8/f06dzs8x7lx0jw_wplps5f6h0000gn/T/npm-6387-GUuSev3r/github.com/fnakstad/angular-client-side-auth-unpack
23 silly gunzTarPerm modes [ '755', '644' ]
24 error not a package /var/folders/b8/f06dzs8x7lx0jw_wplps5f6h0000gn/T/npm-6387-GUuSev3r/github.com/fnakstad/angular-client-side-auth
25 silly lockFile 862e0c25--angular-client-side-auth-unpack tar:///var/folders/b8/f06dzs8x7lx0jw_wplps5f6h0000gn/T/npm-6387-GUuSev3r/github.com/fnakstad/angular-client-side-auth-unpack
26 silly lockFile 862e0c25--angular-client-side-auth-unpack tar:///var/folders/b8/f06dzs8x7lx0jw_wplps5f6h0000gn/T/npm-6387-GUuSev3r/github.com/fnakstad/angular-client-side-auth-unpack
27 silly lockFile 6607f657-nakstad-angular-client-side-auth tar:///var/folders/b8/f06dzs8x7lx0jw_wplps5f6h0000gn/T/npm-6387-GUuSev3r/github.com/fnakstad/angular-client-side-auth
28 silly lockFile 6607f657-nakstad-angular-client-side-auth tar:///var/folders/b8/f06dzs8x7lx0jw_wplps5f6h0000gn/T/npm-6387-GUuSev3r/github.com/fnakstad/angular-client-side-auth
29 silly lockFile 42d3a40e-nakstad-angular-client-side-auth https://github.com/fnakstad/angular-client-side-auth
30 silly lockFile 42d3a40e-nakstad-angular-client-side-auth https://github.com/fnakstad/angular-client-side-auth
31 error Error: ENOENT, open '/var/folders/b8/f06dzs8x7lx0jw_wplps5f6h0000gn/T/npm-6387-GUuSev3r/github.com/fnakstad/angular-client-side-auth-unpack/package.json'
32 error If you need help, you may report this *entire* log,
32 error including the npm and node versions, at:
32 error     <http://github.com/npm/npm/issues>
33 error System Darwin 13.3.0
34 error command "node" "/usr/local/bin/npm" "install" "https://github.com/fnakstad/angular-client-side-auth"
35 error cwd /Users/jack/Projects/ionic/mob-git
36 error node -v v0.10.29
37 error npm -v 2.0.0-alpha-5
38 error path /var/folders/b8/f06dzs8x7lx0jw_wplps5f6h0000gn/T/npm-6387-GUuSev3r/github.com/fnakstad/angular-client-side-auth-unpack/package.json
39 error code ENOENT
40 error errno 34
41 verbose exit [ 34, true ]
